<?xml version="1.0" encoding="UTF-8"?>
<!-- Generated by org.testng.reporters.JUnitReportReporter -->
<testsuite hostname="WINDOWS-FKEG046" failures="0" tests="1" name="dropdownpackage.DropdownTest" time="0.217" errors="0" timestamp="11 Feb 2022 17:08:54 GMT">
  <testcase classname="dropdownpackage.DropdownTest" name="verifyDropdown" time="0.217"/>
</testsuite> <!-- dropdownpackage.DropdownTest -->
