<?xml version="1.0" encoding="UTF-8"?>
<!-- Generated by org.testng.reporters.JUnitReportReporter -->
<testsuite hostname="WINDOWS-FKEG046" failures="0" tests="3" name="formauthenticationpackage.FormAuthenticationTest" time="2.539" errors="0" timestamp="11 Feb 2022 17:08:54 GMT">
  <testcase classname="formauthenticationpackage.FormAuthenticationTest" name="verifyInvalidUsernameLogin" time="0.678"/>
  <testcase classname="formauthenticationpackage.FormAuthenticationTest" name="verifyInvalidPasswordLogin" time="0.726"/>
  <testcase classname="formauthenticationpackage.FormAuthenticationTest" name="verifyValidLogin" time="1.135"/>
</testsuite> <!-- formauthenticationpackage.FormAuthenticationTest -->
