<?xml version="1.0" encoding="UTF-8"?>
<!-- Generated by org.testng.reporters.JUnitReportReporter -->
<testsuite hostname="WINDOWS-FKEG046" failures="0" tests="1" name="filedownloadpackage.FileDownloadTest" time="0.427" errors="0" timestamp="11 Feb 2022 17:08:54 GMT">
  <testcase classname="filedownloadpackage.FileDownloadTest" name="verifyFileDownload" time="0.427"/>
</testsuite> <!-- filedownloadpackage.FileDownloadTest -->
